<?xml version="1.0" encoding="UTF-8"?>
<testsuite xmlns:xsi="http://www.w3.org/2001/XMLSchema-instance" xsi:noNamespaceSchemaLocation="https://maven.apache.org/surefire/maven-surefire-plugin/xsd/surefire-test-report.xsd" version="3.0.2" name="web.projet.fournisseurIdentite.FournisseurIdentiteApplicationTests" time="39.211" tests="1" errors="0" skipped="0" failures="0">
  <properties>
[...]
</properties>
  <testcase name="contextLoads" classname="web.projet.fournisseurIdentite.FournisseurIdentiteApplicationTests" time="2.123">
    <system-out><![CDATA[23:42:30.049 [main] INFO org.springframework.test.context.support.AnnotationConfigContextLoaderUtils -- Could not detect default configuration classes for test class [web.projet.fournisseurIdentite.FournisseurIdentiteApplicationTests]: FournisseurIdentiteApplicationTests does not declare any static, non-private, non-final, nested classes annotated with @Configuration.
23:42:30.834 [main] INFO org.springframework.boot.test.context.SpringBootTestContextBootstrapper -- Found @SpringBootConfiguration web.projet.fournisseurIdentite.FournisseurIdentiteApplication for test class web.projet.fournisseurIdentite.FournisseurIdentiteApplicationTests
23:42:31.895 [main] INFO org.springframework.boot.devtools.restart.RestartApplicationListener -- Restart disabled due to context in which it is running

  .   ____          _            __ _ _
 /\\ / ___'_ __ _ _(_)_ __  __ _ \ \ \ \
( ( )\___ | '_ | '_| | '_ \/ _` | \ \ \ \
 \\/  ___)| |_)| | | | | || (_| |  ) ) ) )
  '  |____| .__|_| |_|_| |_\__, | / / / /
 =========|_|==============|___/=/_/_/_/

 :: Spring Boot ::                (v3.4.0)

2024-12-18T23:42:34.237+01:00  INFO 12192 --- [fournisseurIdentite] [           main] .p.f.FournisseurIdentiteApplicationTests : Starting FournisseurIdentiteApplicationTests using Java 17.0.10 with PID 12192 (started by 26134 in C:\Users\26134\Desktop\ProjetCouldS5_2391_2777_2709_2374\fournisseurIdentiteApi)
2024-12-18T23:42:34.252+01:00  INFO 12192 --- [fournisseurIdentite] [           main] .p.f.FournisseurIdentiteApplicationTests : No active profile set, falling back to 1 default profile: "default"
2024-12-18T23:42:40.427+01:00  INFO 12192 --- [fournisseurIdentite] [           main] .s.d.r.c.RepositoryConfigurationDelegate : Bootstrapping Spring Data JPA repositories in DEFAULT mode.
2024-12-18T23:42:41.381+01:00  INFO 12192 --- [fournisseurIdentite] [           main] .s.d.r.c.RepositoryConfigurationDelegate : Finished Spring Data repository scanning in 922 ms. Found 5 JPA repository interfaces.
2024-12-18T23:42:46.922+01:00  INFO 12192 --- [fournisseurIdentite] [           main] o.hibernate.jpa.internal.util.LogHelper  : HHH000204: Processing PersistenceUnitInfo [name: default]
2024-12-18T23:42:47.454+01:00  INFO 12192 --- [fournisseurIdentite] [           main] org.hibernate.Version                    : HHH000412: Hibernate ORM core version 6.6.2.Final
2024-12-18T23:42:48.114+01:00  INFO 12192 --- [fournisseurIdentite] [           main] o.h.c.internal.RegionFactoryInitiator    : HHH000026: Second-level cache disabled
2024-12-18T23:42:51.671+01:00  INFO 12192 --- [fournisseurIdentite] [           main] o.s.o.j.p.SpringPersistenceUnitInfo      : No LoadTimeWeaver setup: ignoring JPA class transformer
2024-12-18T23:42:51.999+01:00  INFO 12192 --- [fournisseurIdentite] [           main] com.zaxxer.hikari.HikariDataSource       : HikariPool-1 - Starting...
2024-12-18T23:42:53.721+01:00  INFO 12192 --- [fournisseurIdentite] [           main] com.zaxxer.hikari.pool.HikariPool        : HikariPool-1 - Added connection org.postgresql.jdbc.PgConnection@2a7bc16b
2024-12-18T23:42:53.737+01:00  INFO 12192 --- [fournisseurIdentite] [           main] com.zaxxer.hikari.HikariDataSource       : HikariPool-1 - Start completed.
2024-12-18T23:42:54.112+01:00  WARN 12192 --- [fournisseurIdentite] [           main] org.hibernate.orm.deprecation            : HHH90000025: PostgreSQLDialect does not need to be specified explicitly using 'hibernate.dialect' (remove the property setting and it will be selected by default)
2024-12-18T23:42:54.297+01:00  INFO 12192 --- [fournisseurIdentite] [           main] org.hibernate.orm.connections.pooling    : HHH10001005: Database info:
	Database JDBC URL [Connecting through datasource 'HikariDataSource (HikariPool-1)']
	Database driver: undefined/unknown
	Database version: 15.3
	Autocommit mode: undefined/unknown
	Isolation level: undefined/unknown
	Minimum pool size: undefined/unknown
	Maximum pool size: undefined/unknown
2024-12-18T23:43:00.540+01:00  INFO 12192 --- [fournisseurIdentite] [           main] o.h.e.t.j.p.i.JtaPlatformInitiator       : HHH000489: No JTA platform available (set 'hibernate.transaction.jta.platform' to enable JTA platform integration)
2024-12-18T23:43:01.000+01:00  INFO 12192 --- [fournisseurIdentite] [           main] j.LocalContainerEntityManagerFactoryBean : Initialized JPA EntityManagerFactory for persistence unit 'default'
2024-12-18T23:43:03.394+01:00  WARN 12192 --- [fournisseurIdentite] [           main] JpaBaseConfiguration$JpaWebConfiguration : spring.jpa.open-in-view is enabled by default. Therefore, database queries may be performed during view rendering. Explicitly configure spring.jpa.open-in-view to disable this warning
2024-12-18T23:43:06.395+01:00  INFO 12192 --- [fournisseurIdentite] [           main] .p.f.FournisseurIdentiteApplicationTests : Started FournisseurIdentiteApplicationTests in 34.578 seconds (process running for 40.137)
]]></system-out>
  </testcase>
</testsuite>